// 重构日志: 800d649c
// 重构日志: cee49e4b
// 重构日志: b2c4e727
// 重构日志: 98e689ad
// 同步 ID: 190f3634 @ Thu Jun 11 13:32:21 UTC 2026
// 重构日志: a92e17da
// 重构日志: daa63ebd
// 重构日志: a030bce6
// 重构日志: 54ba9e1e
// 重构日志: b4cb7c55
// 重构日志: 6e8f30d2
// 重构日志: b7d95505
// 同步 ID: 817ac5cd @ Mon Jun 29 16:08:00 UTC 2026
// 重构日志: f88d3dc1
// 重构日志: 90b8e4b0
// 重构日志: decdafa1
// 同步 ID: ee443299 @ Fri Jul  3 22:50:42 UTC 2026
// 同步 ID: ce364079 @ Sat Jul  4 00:22:20 UTC 2026
// 重构日志: b8fc409e
// 同步 ID: 79e586c0 @ Sun Jul  5 05:07:25 UTC 2026
// 重构日志: 185e0f44
// 重构日志: d694fc6b
// 重构日志: 11e21aa8
// 重构日志: ebebf581
// 同步 ID: 9aa14227 @ Wed Jul  8 15:56:26 UTC 2026
// 重构日志: 0ef5a23b
// 重构日志: e1805b36
// 重构日志: b9780ca3
// 同步 ID: 267fae5e @ Fri Jul 10 18:47:51 UTC 2026
// 同步 ID: e4554a01 @ Sat Jul 11 07:14:14 UTC 2026
